

Started GET "/" for 127.0.0.1 at 2015-11-19 06:22:42 +0200
Processing by StaticPagesController#home as HTML
  Rendered static_pages/home.html.erb within layouts/application (1.6ms)
Completed 200 OK in 999ms (Views: 978.5ms | ActiveRecord: 0.0ms)


Started GET "/help" for 127.0.0.1 at 2015-11-19 06:22:52 +0200

ActionController::RoutingError (No route matches [GET] "/help"):
  web-console (2.0.0.beta3) lib/action_dispatch/debug_exceptions.rb:22:in `middleware_call'
  web-console (2.0.0.beta3) lib/action_dispatch/debug_exceptions.rb:13:in `call'
  actionpack (4.2.2) lib/action_dispatch/middleware/show_exceptions.rb:30:in `call'
  railties (4.2.2) lib/rails/rack/logger.rb:38:in `call_app'
  railties (4.2.2) lib/rails/rack/logger.rb:20:in `block in call'
  activesupport (4.2.2) lib/active_support/tagged_logging.rb:68:in `block in tagged'
  activesupport (4.2.2) lib/active_support/tagged_logging.rb:26:in `tagged'
  activesupport (4.2.2) lib/active_support/tagged_logging.rb:68:in `tagged'
  railties (4.2.2) lib/rails/rack/logger.rb:20:in `call'
  actionpack (4.2.2) lib/action_dispatch/middleware/request_id.rb:21:in `call'
  rack (1.6.4) lib/rack/methodoverride.rb:22:in `call'
  rack (1.6.4) lib/rack/runtime.rb:18:in `call'
  activesupport (4.2.2) lib/active_support/cache/strategy/local_cache_middleware.rb:28:in `call'
  rack (1.6.4) lib/rack/lock.rb:17:in `call'
  actionpack (4.2.2) lib/action_dispatch/middleware/static.rb:113:in `call'
  rack (1.6.4) lib/rack/sendfile.rb:113:in `call'
  railties (4.2.2) lib/rails/engine.rb:518:in `call'
  railties (4.2.2) lib/rails/application.rb:164:in `call'
  rack (1.6.4) lib/rack/content_length.rb:15:in `call'
  puma (2.11.1) lib/puma/server.rb:507:in `handle_request'
  puma (2.11.1) lib/puma/server.rb:375:in `process_client'
  puma (2.11.1) lib/puma/server.rb:262:in `block in run'
  puma (2.11.1) lib/puma/thread_pool.rb:104:in `call'
  puma (2.11.1) lib/puma/thread_pool.rb:104:in `block in spawn_thread'


  Rendered /home/lazlov/.rbenv/versions/2.2.3/lib/ruby/gems/2.2.0/gems/web-console-2.0.0.beta3/lib/action_dispatch/templates/rescues/_trace.html.erb (1.6ms)
  Rendered /home/lazlov/.rbenv/versions/2.2.3/lib/ruby/gems/2.2.0/gems/web-console-2.0.0.beta3/lib/action_dispatch/templates/rescues/routing_error.html.erb within rescues/layout (45.3ms)


Started GET "/about" for 127.0.0.1 at 2015-11-19 06:22:59 +0200

ActionController::RoutingError (No route matches [GET] "/about"):
  web-console (2.0.0.beta3) lib/action_dispatch/debug_exceptions.rb:22:in `middleware_call'
  web-console (2.0.0.beta3) lib/action_dispatch/debug_exceptions.rb:13:in `call'
  actionpack (4.2.2) lib/action_dispatch/middleware/show_exceptions.rb:30:in `call'
  railties (4.2.2) lib/rails/rack/logger.rb:38:in `call_app'
  railties (4.2.2) lib/rails/rack/logger.rb:20:in `block in call'
  activesupport (4.2.2) lib/active_support/tagged_logging.rb:68:in `block in tagged'
  activesupport (4.2.2) lib/active_support/tagged_logging.rb:26:in `tagged'
  activesupport (4.2.2) lib/active_support/tagged_logging.rb:68:in `tagged'
  railties (4.2.2) lib/rails/rack/logger.rb:20:in `call'
  actionpack (4.2.2) lib/action_dispatch/middleware/request_id.rb:21:in `call'
  rack (1.6.4) lib/rack/methodoverride.rb:22:in `call'
  rack (1.6.4) lib/rack/runtime.rb:18:in `call'
  activesupport (4.2.2) lib/active_support/cache/strategy/local_cache_middleware.rb:28:in `call'
  rack (1.6.4) lib/rack/lock.rb:17:in `call'
  actionpack (4.2.2) lib/action_dispatch/middleware/static.rb:113:in `call'
  rack (1.6.4) lib/rack/sendfile.rb:113:in `call'
  railties (4.2.2) lib/rails/engine.rb:518:in `call'
  railties (4.2.2) lib/rails/application.rb:164:in `call'
  rack (1.6.4) lib/rack/content_length.rb:15:in `call'
  puma (2.11.1) lib/puma/server.rb:507:in `handle_request'
  puma (2.11.1) lib/puma/server.rb:375:in `process_client'
  puma (2.11.1) lib/puma/server.rb:262:in `block in run'
  puma (2.11.1) lib/puma/thread_pool.rb:104:in `call'
  puma (2.11.1) lib/puma/thread_pool.rb:104:in `block in spawn_thread'


  Rendered /home/lazlov/.rbenv/versions/2.2.3/lib/ruby/gems/2.2.0/gems/web-console-2.0.0.beta3/lib/action_dispatch/templates/rescues/_trace.html.erb (1.6ms)
  Rendered /home/lazlov/.rbenv/versions/2.2.3/lib/ruby/gems/2.2.0/gems/web-console-2.0.0.beta3/lib/action_dispatch/templates/rescues/routing_error.html.erb within rescues/layout (17.1ms)


Started GET "/about" for 127.0.0.1 at 2015-11-19 06:23:11 +0200

ActionController::RoutingError (No route matches [GET] "/about"):
  web-console (2.0.0.beta3) lib/action_dispatch/debug_exceptions.rb:22:in `middleware_call'
  web-console (2.0.0.beta3) lib/action_dispatch/debug_exceptions.rb:13:in `call'
  actionpack (4.2.2) lib/action_dispatch/middleware/show_exceptions.rb:30:in `call'
  railties (4.2.2) lib/rails/rack/logger.rb:38:in `call_app'
  railties (4.2.2) lib/rails/rack/logger.rb:20:in `block in call'
  activesupport (4.2.2) lib/active_support/tagged_logging.rb:68:in `block in tagged'
  activesupport (4.2.2) lib/active_support/tagged_logging.rb:26:in `tagged'
  activesupport (4.2.2) lib/active_support/tagged_logging.rb:68:in `tagged'
  railties (4.2.2) lib/rails/rack/logger.rb:20:in `call'
  actionpack (4.2.2) lib/action_dispatch/middleware/request_id.rb:21:in `call'
  rack (1.6.4) lib/rack/methodoverride.rb:22:in `call'
  rack (1.6.4) lib/rack/runtime.rb:18:in `call'
  activesupport (4.2.2) lib/active_support/cache/strategy/local_cache_middleware.rb:28:in `call'
  rack (1.6.4) lib/rack/lock.rb:17:in `call'
  actionpack (4.2.2) lib/action_dispatch/middleware/static.rb:113:in `call'
  rack (1.6.4) lib/rack/sendfile.rb:113:in `call'
  railties (4.2.2) lib/rails/engine.rb:518:in `call'
  railties (4.2.2) lib/rails/application.rb:164:in `call'
  rack (1.6.4) lib/rack/content_length.rb:15:in `call'
  puma (2.11.1) lib/puma/server.rb:507:in `handle_request'
  puma (2.11.1) lib/puma/server.rb:375:in `process_client'
  puma (2.11.1) lib/puma/server.rb:262:in `block in run'
  puma (2.11.1) lib/puma/thread_pool.rb:104:in `call'
  puma (2.11.1) lib/puma/thread_pool.rb:104:in `block in spawn_thread'


  Rendered /home/lazlov/.rbenv/versions/2.2.3/lib/ruby/gems/2.2.0/gems/web-console-2.0.0.beta3/lib/action_dispatch/templates/rescues/_trace.html.erb (1.6ms)
  Rendered /home/lazlov/.rbenv/versions/2.2.3/lib/ruby/gems/2.2.0/gems/web-console-2.0.0.beta3/lib/action_dispatch/templates/rescues/routing_error.html.erb within rescues/layout (18.3ms)


Started GET "/static_pages/about" for 127.0.0.1 at 2015-11-19 06:24:21 +0200
Processing by StaticPagesController#about as HTML
  Rendered static_pages/about.html.erb within layouts/application (0.7ms)
Completed 200 OK in 90ms (Views: 88.9ms | ActiveRecord: 0.0ms)


Started GET "/static_pages/about" for 127.0.0.1 at 2015-11-19 06:35:40 +0200
Processing by StaticPagesController#about as HTML
  Rendered static_pages/about.html.erb within layouts/application (0.1ms)
Completed 200 OK in 49ms (Views: 47.7ms | ActiveRecord: 0.0ms)


Started GET "/static_pages/about" for 127.0.0.1 at 2015-11-19 06:36:13 +0200
Processing by StaticPagesController#about as HTML
  Rendered static_pages/about.html.erb within layouts/application (1.6ms)
Completed 200 OK in 234ms (Views: 223.3ms | ActiveRecord: 0.0ms)


Started GET "/static_pages/about" for 127.0.0.1 at 2015-11-19 06:36:15 +0200
Processing by StaticPagesController#about as HTML
  Rendered static_pages/about.html.erb within layouts/application (0.2ms)
Completed 200 OK in 49ms (Views: 48.1ms | ActiveRecord: 0.0ms)


Started GET "/" for 127.0.0.1 at 2015-11-19 06:36:18 +0200
Processing by StaticPagesController#home as HTML
  Rendered static_pages/home.html.erb within layouts/application (0.6ms)
Completed 200 OK in 44ms (Views: 42.8ms | ActiveRecord: 0.0ms)


Started GET "/" for 127.0.0.1 at 2015-11-19 06:49:37 +0200
Processing by StaticPagesController#home as HTML
  Rendered static_pages/home.html.erb within layouts/application (18.7ms)
Completed 200 OK in 120ms (Views: 118.8ms | ActiveRecord: 0.0ms)


Started GET "/assets/kassa-41f79e89d3249e3d0ad992fbe585655b6111c564db04589b8902b0426cafb59c.png" for 127.0.0.1 at 2015-11-19 06:49:37 +0200


Started GET "/" for 127.0.0.1 at 2015-11-19 06:49:46 +0200
Processing by StaticPagesController#home as HTML
  Rendered static_pages/home.html.erb within layouts/application (2.8ms)
Completed 200 OK in 42ms (Views: 40.8ms | ActiveRecord: 0.0ms)


Started GET "/" for 127.0.0.1 at 2015-11-19 06:49:48 +0200
Processing by StaticPagesController#home as HTML
  Rendered static_pages/home.html.erb within layouts/application (2.1ms)
Completed 200 OK in 42ms (Views: 41.0ms | ActiveRecord: 0.0ms)


Started GET "/" for 127.0.0.1 at 2015-11-19 06:49:48 +0200
Processing by StaticPagesController#home as HTML
  Rendered static_pages/home.html.erb within layouts/application (3.1ms)
Completed 200 OK in 47ms (Views: 46.0ms | ActiveRecord: 0.0ms)


Started GET "/" for 127.0.0.1 at 2015-11-19 06:49:48 +0200
Processing by StaticPagesController#home as HTML
  Rendered static_pages/home.html.erb within layouts/application (2.0ms)
Completed 200 OK in 49ms (Views: 47.7ms | ActiveRecord: 0.0ms)


Started GET "/" for 127.0.0.1 at 2015-11-19 06:49:49 +0200
Processing by StaticPagesController#home as HTML
  Rendered static_pages/home.html.erb within layouts/application (2.3ms)
Completed 200 OK in 46ms (Views: 45.0ms | ActiveRecord: 0.0ms)


Started GET "/" for 127.0.0.1 at 2015-11-19 06:49:49 +0200
Processing by StaticPagesController#home as HTML
  Rendered static_pages/home.html.erb within layouts/application (2.1ms)
Completed 200 OK in 40ms (Views: 40.0ms | ActiveRecord: 0.0ms)


Started GET "/" for 127.0.0.1 at 2015-11-19 06:49:50 +0200
Processing by StaticPagesController#home as HTML
  Rendered static_pages/home.html.erb within layouts/application (2.2ms)
Completed 200 OK in 41ms (Views: 40.2ms | ActiveRecord: 0.0ms)


Started GET "/" for 127.0.0.1 at 2015-11-19 06:49:50 +0200
Processing by StaticPagesController#home as HTML
  Rendered static_pages/home.html.erb within layouts/application (2.2ms)
Completed 200 OK in 82ms (Views: 81.6ms | ActiveRecord: 0.0ms)


Started GET "/" for 127.0.0.1 at 2015-11-19 06:49:50 +0200
Processing by StaticPagesController#home as HTML
  Rendered static_pages/home.html.erb within layouts/application (3.7ms)
Completed 200 OK in 62ms (Views: 61.8ms | ActiveRecord: 0.0ms)


Started GET "/" for 127.0.0.1 at 2015-11-19 06:49:51 +0200
Processing by StaticPagesController#home as HTML
  Rendered static_pages/home.html.erb within layouts/application (2.9ms)
Completed 200 OK in 60ms (Views: 59.4ms | ActiveRecord: 0.0ms)


Started GET "/" for 127.0.0.1 at 2015-11-19 06:49:51 +0200
Processing by StaticPagesController#home as HTML
  Rendered static_pages/home.html.erb within layouts/application (2.4ms)
Completed 200 OK in 55ms (Views: 53.6ms | ActiveRecord: 0.0ms)


Started GET "/" for 127.0.0.1 at 2015-11-19 06:49:51 +0200
Processing by StaticPagesController#home as HTML
  Rendered static_pages/home.html.erb within layouts/application (2.5ms)
Completed 200 OK in 77ms (Views: 76.3ms | ActiveRecord: 0.0ms)


Started GET "/" for 127.0.0.1 at 2015-11-19 06:49:52 +0200
Processing by StaticPagesController#home as HTML
  Rendered static_pages/home.html.erb within layouts/application (3.6ms)
Completed 200 OK in 66ms (Views: 65.0ms | ActiveRecord: 0.0ms)


Started GET "/" for 127.0.0.1 at 2015-11-19 06:49:52 +0200
Processing by StaticPagesController#home as HTML
  Rendered static_pages/home.html.erb within layouts/application (6.3ms)
Completed 200 OK in 71ms (Views: 69.6ms | ActiveRecord: 0.0ms)


Started GET "/" for 127.0.0.1 at 2015-11-19 06:49:52 +0200
Processing by StaticPagesController#home as HTML
  Rendered static_pages/home.html.erb within layouts/application (2.5ms)
Completed 200 OK in 60ms (Views: 58.9ms | ActiveRecord: 0.0ms)


Started GET "/" for 127.0.0.1 at 2015-11-19 06:49:53 +0200
Processing by StaticPagesController#home as HTML
  Rendered static_pages/home.html.erb within layouts/application (5.7ms)
Completed 200 OK in 77ms (Views: 75.5ms | ActiveRecord: 0.0ms)


Started GET "/" for 127.0.0.1 at 2015-11-19 06:49:53 +0200
Processing by StaticPagesController#home as HTML
  Rendered static_pages/home.html.erb within layouts/application (2.4ms)
Completed 200 OK in 53ms (Views: 51.1ms | ActiveRecord: 0.0ms)


Started GET "/" for 127.0.0.1 at 2015-11-19 06:49:53 +0200
Processing by StaticPagesController#home as HTML
  Rendered static_pages/home.html.erb within layouts/application (3.4ms)
Completed 200 OK in 57ms (Views: 55.7ms | ActiveRecord: 0.0ms)


Started GET "/" for 127.0.0.1 at 2015-11-19 06:49:53 +0200
Processing by StaticPagesController#home as HTML
  Rendered static_pages/home.html.erb within layouts/application (2.4ms)
Completed 200 OK in 51ms (Views: 49.4ms | ActiveRecord: 0.0ms)


Started GET "/" for 127.0.0.1 at 2015-11-19 06:49:54 +0200
Processing by StaticPagesController#home as HTML
  Rendered static_pages/home.html.erb within layouts/application (2.4ms)
Completed 200 OK in 52ms (Views: 51.0ms | ActiveRecord: 0.0ms)


Started GET "/" for 127.0.0.1 at 2015-11-19 06:49:54 +0200
Processing by StaticPagesController#home as HTML
  Rendered static_pages/home.html.erb within layouts/application (5.2ms)
Completed 200 OK in 48ms (Views: 47.0ms | ActiveRecord: 0.0ms)


Started GET "/" for 127.0.0.1 at 2015-11-19 06:49:54 +0200
Processing by StaticPagesController#home as HTML
  Rendered static_pages/home.html.erb within layouts/application (2.8ms)
Completed 200 OK in 48ms (Views: 46.3ms | ActiveRecord: 0.0ms)


Started GET "/" for 127.0.0.1 at 2015-11-19 06:49:54 +0200
Processing by StaticPagesController#home as HTML
  Rendered static_pages/home.html.erb within layouts/application (2.1ms)
Completed 200 OK in 43ms (Views: 41.5ms | ActiveRecord: 0.0ms)


Started GET "/" for 127.0.0.1 at 2015-11-19 06:49:54 +0200
Processing by StaticPagesController#home as HTML
  Rendered static_pages/home.html.erb within layouts/application (3.0ms)
Completed 200 OK in 55ms (Views: 53.5ms | ActiveRecord: 0.0ms)


Started GET "/" for 127.0.0.1 at 2015-11-19 06:49:55 +0200
Processing by StaticPagesController#home as HTML
  Rendered static_pages/home.html.erb within layouts/application (2.8ms)
Completed 200 OK in 55ms (Views: 54.3ms | ActiveRecord: 0.0ms)


Started GET "/" for 127.0.0.1 at 2015-11-19 06:49:55 +0200
Processing by StaticPagesController#home as HTML
  Rendered static_pages/home.html.erb within layouts/application (2.6ms)
Completed 200 OK in 47ms (Views: 46.0ms | ActiveRecord: 0.0ms)


Started GET "/" for 127.0.0.1 at 2015-11-19 06:50:21 +0200
Processing by StaticPagesController#home as HTML
  Rendered static_pages/home.html.erb within layouts/application (3.1ms)
Completed 200 OK in 48ms (Views: 47.5ms | ActiveRecord: 0.0ms)


Started GET "/" for 127.0.0.1 at 2015-11-19 06:50:39 +0200
Processing by StaticPagesController#home as HTML
  Rendered static_pages/home.html.erb within layouts/application (5.6ms)
Completed 200 OK in 55ms (Views: 53.4ms | ActiveRecord: 0.0ms)


Started GET "/" for 127.0.0.1 at 2015-11-19 06:50:40 +0200
Processing by StaticPagesController#home as HTML
  Rendered static_pages/home.html.erb within layouts/application (5.8ms)
Completed 200 OK in 57ms (Views: 55.4ms | ActiveRecord: 0.0ms)


Started GET "/" for 127.0.0.1 at 2015-11-19 06:50:43 +0200
Processing by StaticPagesController#home as HTML
  Rendered static_pages/home.html.erb within layouts/application (1.9ms)
Completed 200 OK in 46ms (Views: 45.9ms | ActiveRecord: 0.0ms)


Started GET "/" for 127.0.0.1 at 2015-11-19 06:50:50 +0200
Processing by StaticPagesController#home as HTML
  Rendered static_pages/home.html.erb within layouts/application (5.8ms)
Completed 200 OK in 51ms (Views: 49.9ms | ActiveRecord: 0.0ms)


Started GET "/" for 127.0.0.1 at 2015-11-19 06:59:07 +0200
Processing by StaticPagesController#home as HTML
  Rendered static_pages/home.html.erb within layouts/application (2.8ms)
Completed 200 OK in 4305ms (Views: 4304.8ms | ActiveRecord: 0.0ms)


Started GET "/assets/custom.self-e3b0c44298fc1c149afbf4c8996fb92427ae41e4649b934ca495991b7852b855.css?body=1" for 127.0.0.1 at 2015-11-19 06:59:12 +0200


Started GET "/assets/static_pages.self-07c6f2b201f057b2b10e60c21de576bae6ec0ff9944de98299d787ad6cc97d51.css?body=1" for 127.0.0.1 at 2015-11-19 06:59:12 +0200


Started GET "/" for 127.0.0.1 at 2015-11-19 08:01:38 +0200
Processing by StaticPagesController#home as HTML
  Rendered static_pages/home.html.erb within layouts/application (3.4ms)
Completed 200 OK in 1654ms (Views: 1653.0ms | ActiveRecord: 0.0ms)


Started GET "/assets/custom.self-b3353dc1e6bd3871ec4293b1740bd5d10f3baec05216252c72b39c33e4a32334.css?body=1" for 127.0.0.1 at 2015-11-19 08:01:40 +0200


Started GET "/" for 127.0.0.1 at 2015-11-19 08:10:20 +0200
Processing by StaticPagesController#home as HTML
  Rendered static_pages/home.html.erb within layouts/application (1.7ms)
Completed 200 OK in 61ms (Views: 60.4ms | ActiveRecord: 0.0ms)


Started GET "/" for 127.0.0.1 at 2015-11-19 08:11:57 +0200
Processing by StaticPagesController#home as HTML
  Rendered static_pages/home.html.erb within layouts/application (1.7ms)
Completed 500 Internal Server Error in 795ms (ActiveRecord: 0.0ms)

Sass::SyntaxError (Invalid CSS after ".": expected class name, was "/* header */"):
  app/assets/stylesheets/custom.css.scss:56
  app/views/layouts/application.html.erb:5:in `_app_views_layouts_application_html_erb__2844229783382439020_70007049427860'


  Rendered /home/lazlov/.rbenv/versions/2.2.3/lib/ruby/gems/2.2.0/gems/web-console-2.0.0.beta3/lib/action_dispatch/templates/rescues/_source.erb (13.2ms)
  Rendered /home/lazlov/.rbenv/versions/2.2.3/lib/ruby/gems/2.2.0/gems/web-console-2.0.0.beta3/lib/action_dispatch/templates/rescues/_trace.html.erb (4.9ms)
  Rendered /home/lazlov/.rbenv/versions/2.2.3/lib/ruby/gems/2.2.0/gems/web-console-2.0.0.beta3/lib/action_dispatch/templates/rescues/_request_and_response.html.erb (1.3ms)
  Rendered /home/lazlov/.rbenv/versions/2.2.3/lib/ruby/gems/2.2.0/gems/web-console-2.0.0.beta3/lib/action_dispatch/templates/rescues/_web_console.html.erb (0.9ms)
  Rendered /home/lazlov/.rbenv/versions/2.2.3/lib/ruby/gems/2.2.0/gems/web-console-2.0.0.beta3/lib/action_dispatch/templates/rescues/diagnostics.html.erb within rescues/layout (52.1ms)


Started GET "/" for 127.0.0.1 at 2015-11-19 08:12:27 +0200
Processing by StaticPagesController#home as HTML
  Rendered static_pages/home.html.erb within layouts/application (5.4ms)
Completed 200 OK in 1626ms (Views: 1624.4ms | ActiveRecord: 0.0ms)


Started GET "/assets/custom.self-34db4cec7df0e9f1c2374eda24d449ca99491ac25f29160fa64a27e205967f5a.css?body=1" for 127.0.0.1 at 2015-11-19 08:12:28 +0200


Started GET "/" for 127.0.0.1 at 2015-11-19 08:12:36 +0200
Processing by StaticPagesController#home as HTML
  Rendered static_pages/home.html.erb within layouts/application (1.8ms)
Completed 200 OK in 61ms (Views: 60.8ms | ActiveRecord: 0.0ms)


Started GET "/" for 127.0.0.1 at 2015-11-19 08:12:37 +0200
Processing by StaticPagesController#home as HTML
  Rendered static_pages/home.html.erb within layouts/application (1.7ms)
Completed 200 OK in 97ms (Views: 96.5ms | ActiveRecord: 0.0ms)


Started GET "/" for 127.0.0.1 at 2015-11-19 08:12:37 +0200
Processing by StaticPagesController#home as HTML
  Rendered static_pages/home.html.erb within layouts/application (2.3ms)
Completed 200 OK in 71ms (Views: 70.1ms | ActiveRecord: 0.0ms)


Started GET "/" for 127.0.0.1 at 2015-11-19 08:12:38 +0200
Processing by StaticPagesController#home as HTML
  Rendered static_pages/home.html.erb within layouts/application (2.8ms)
Completed 200 OK in 96ms (Views: 94.4ms | ActiveRecord: 0.0ms)


Started GET "/" for 127.0.0.1 at 2015-11-19 08:12:38 +0200
Processing by StaticPagesController#home as HTML
  Rendered static_pages/home.html.erb within layouts/application (5.5ms)
Completed 200 OK in 92ms (Views: 90.2ms | ActiveRecord: 0.0ms)


Started GET "/" for 127.0.0.1 at 2015-11-19 08:12:38 +0200
Processing by StaticPagesController#home as HTML
  Rendered static_pages/home.html.erb within layouts/application (2.4ms)
Completed 200 OK in 111ms (Views: 110.1ms | ActiveRecord: 0.0ms)


Started GET "/" for 127.0.0.1 at 2015-11-19 08:12:39 +0200
Processing by StaticPagesController#home as HTML
  Rendered static_pages/home.html.erb within layouts/application (2.4ms)
Completed 200 OK in 88ms (Views: 87.0ms | ActiveRecord: 0.0ms)


Started GET "/" for 127.0.0.1 at 2015-11-19 08:12:39 +0200
Processing by StaticPagesController#home as HTML
  Rendered static_pages/home.html.erb within layouts/application (3.2ms)
Completed 200 OK in 83ms (Views: 81.9ms | ActiveRecord: 0.0ms)


Started GET "/" for 127.0.0.1 at 2015-11-19 08:12:39 +0200
Processing by StaticPagesController#home as HTML
  Rendered static_pages/home.html.erb within layouts/application (4.9ms)
Completed 200 OK in 90ms (Views: 89.1ms | ActiveRecord: 0.0ms)


Started GET "/" for 127.0.0.1 at 2015-11-19 08:13:46 +0200
Processing by StaticPagesController#home as HTML
  Rendered static_pages/home.html.erb within layouts/application (3.5ms)
Completed 200 OK in 85ms (Views: 83.9ms | ActiveRecord: 0.0ms)


Started GET "/" for 127.0.0.1 at 2015-11-19 08:37:43 +0200
Processing by StaticPagesController#home as HTML
  Rendered static_pages/home.html.erb within layouts/application (3.1ms)
  Rendered layouts/_shim.html.erb (0.3ms)
  Rendered layouts/_header.html.erb (0.6ms)
  Rendered layouts/_footer.html.erb (0.4ms)
Completed 200 OK in 1691ms (Views: 1690.4ms | ActiveRecord: 0.0ms)


Started GET "/assets/custom.self-889dea67b824c639d8e1c1a98445293726f9bc6922b08a2bdf8d8c4211085fcc.css?body=1" for 127.0.0.1 at 2015-11-19 08:37:44 +0200
